<?xml version="1.0" encoding="UTF-8"?>
<coverage generated="1628183372522" clover="3.2.0">
  <project timestamp="1628183372522" name="All files">
    <metrics statements="22" coveredstatements="10" conditionals="0" coveredconditionals="0" methods="6" coveredmethods="2" elements="28" coveredelements="12" complexity="0" loc="22" ncloc="22" packages="1" files="2" classes="2"/>
    <file name="apiCalls.js" path="/Users/andrescastaneda/Desktop/Microverse/JavaScript/week5/api-webapp/src/apiCalls.js">
      <metrics statements="16" coveredstatements="6" conditionals="0" coveredconditionals="0" methods="4" coveredmethods="1"/>
      <line num="4" count="1" type="stmt"/>
      <line num="6" count="1" type="stmt"/>
      <line num="8" count="1" type="stmt"/>
      <line num="9" count="3" type="stmt"/>
      <line num="10" count="0" type="stmt"/>
      <line num="11" count="0" type="stmt"/>
      <line num="14" count="1" type="stmt"/>
      <line num="15" count="0" type="stmt"/>
      <line num="16" count="0" type="stmt"/>
      <line num="17" count="0" type="stmt"/>
      <line num="18" count="0" type="stmt"/>
      <line num="19" count="0" type="stmt"/>
      <line num="20" count="0" type="stmt"/>
      <line num="21" count="0" type="stmt"/>
      <line num="23" count="0" type="stmt"/>
      <line num="28" count="1" type="stmt"/>
    </file>
    <file name="itemCounter.js" path="/Users/andrescastaneda/Desktop/Microverse/JavaScript/week5/api-webapp/src/itemCounter.js">
      <metrics statements="6" coveredstatements="4" conditionals="0" coveredconditionals="0" methods="2" coveredmethods="1"/>
      <line num="4" count="1" type="stmt"/>
      <line num="6" count="1" type="stmt"/>
      <line num="7" count="3" type="stmt"/>
      <line num="8" count="0" type="stmt"/>
      <line num="9" count="0" type="stmt"/>
      <line num="14" count="1" type="stmt"/>
    </file>
  </project>
</coverage>
