{"/Users/andrescastaneda/Desktop/Microverse/JavaScript/week5/api-webapp/src/apiCalls.js": {"path":"/Users/andrescastaneda/Desktop/Microverse/JavaScript/week5/api-webapp/src/apiCalls.js","statementMap":{"0":{"start":{"line":4,"column":18},"end":{"line":4,"column":57}},"1":{"start":{"line":6,"column":16},"end":{"line":6,"column":47}},"2":{"start":{"line":8,"column":19},"end":{"line":12,"column":5}},"3":{"start":{"line":9,"column":23},"end":{"line":9,"column":95}},"4":{"start":{"line":10,"column":23},"end":{"line":10,"column":44}},"5":{"start":{"line":11,"column":6},"end":{"line":11,"column":22}},"6":{"start":{"line":14,"column":20},"end":{"line":25,"column":5}},"7":{"start":{"line":15,"column":6},"end":{"line":24,"column":9}},"8":{"start":{"line":16,"column":8},"end":{"line":22,"column":11}},"9":{"start":{"line":17,"column":23},"end":{"line":17,"column":81}},"10":{"start":{"line":18,"column":10},"end":{"line":18,"column":73}},"11":{"start":{"line":19,"column":10},"end":{"line":19,"column":72}},"12":{"start":{"line":20,"column":10},"end":{"line":20,"column":61}},"13":{"start":{"line":21,"column":10},"end":{"line":21,"column":43}},"14":{"start":{"line":23,"column":8},"end":{"line":23,"column":31}},"15":{"start":{"line":28,"column":16},"end":{"line":28,"column":31}}},"fnMap":{"0":{"name":"(anonymous_0)","decl":{"start":{"line":8,"column":19},"end":{"line":8,"column":20}},"loc":{"start":{"line":8,"column":31},"end":{"line":12,"column":5}},"line":8},"1":{"name":"(anonymous_1)","decl":{"start":{"line":14,"column":20},"end":{"line":14,"column":21}},"loc":{"start":{"line":14,"column":32},"end":{"line":25,"column":5}},"line":14},"2":{"name":"(anonymous_2)","decl":{"start":{"line":15,"column":31},"end":{"line":15,"column":32}},"loc":{"start":{"line":15,"column":41},"end":{"line":24,"column":7}},"line":15},"3":{"name":"(anonymous_3)","decl":{"start":{"line":16,"column":27},"end":{"line":16,"column":28}},"loc":{"start":{"line":16,"column":40},"end":{"line":22,"column":9}},"line":16}},"branchMap":{},"s":{"0":1,"1":1,"2":1,"3":3,"4":0,"5":0,"6":1,"7":0,"8":0,"9":0,"10":0,"11":0,"12":0,"13":0,"14":0,"15":1},"f":{"0":3,"1":0,"2":0,"3":0},"b":{},"_coverageSchema":"1a1c01bbd47fc00a2c39e90264f33305004495a9","hash":"4ef01ad25103e95e02985596c10297e58aa9b570"}
,"/Users/andrescastaneda/Desktop/Microverse/JavaScript/week5/api-webapp/src/itemCounter.js": {"path":"/Users/andrescastaneda/Desktop/Microverse/JavaScript/week5/api-webapp/src/itemCounter.js","statementMap":{"0":{"start":{"line":4,"column":17},"end":{"line":4,"column":51}},"1":{"start":{"line":6,"column":17},"end":{"line":11,"column":5}},"2":{"start":{"line":7,"column":6},"end":{"line":10,"column":9}},"3":{"start":{"line":8,"column":8},"end":{"line":8,"column":64}},"4":{"start":{"line":9,"column":8},"end":{"line":9,"column":33}},"5":{"start":{"line":14,"column":18},"end":{"line":14,"column":33}}},"fnMap":{"0":{"name":"(anonymous_0)","decl":{"start":{"line":6,"column":17},"end":{"line":6,"column":18}},"loc":{"start":{"line":6,"column":29},"end":{"line":11,"column":5}},"line":6},"1":{"name":"(anonymous_1)","decl":{"start":{"line":7,"column":34},"end":{"line":7,"column":35}},"loc":{"start":{"line":7,"column":44},"end":{"line":10,"column":7}},"line":7}},"branchMap":{},"s":{"0":1,"1":1,"2":3,"3":0,"4":0,"5":1},"f":{"0":3,"1":0},"b":{},"_coverageSchema":"1a1c01bbd47fc00a2c39e90264f33305004495a9","hash":"81ddaa3ca7e337a5e68cfc188b5c63c2dd79079b"}
}
