{"/home/catalyst/microverse-weekly-projects/api-webapp/src/counter.js": {"path":"/home/catalyst/microverse-weekly-projects/api-webapp/src/counter.js","statementMap":{"0":{"start":{"line":3,"column":21},"end":{"line":9,"column":5}},"1":{"start":{"line":4,"column":22},"end":{"line":4,"column":23}},"2":{"start":{"line":5,"column":8},"end":{"line":7,"column":11}},"3":{"start":{"line":6,"column":12},"end":{"line":6,"column":25}},"4":{"start":{"line":8,"column":8},"end":{"line":8,"column":23}},"5":{"start":{"line":12,"column":16},"end":{"line":12,"column":29}}},"fnMap":{"0":{"name":"(anonymous_0)","decl":{"start":{"line":3,"column":21},"end":{"line":3,"column":22}},"loc":{"start":{"line":3,"column":31},"end":{"line":9,"column":5}},"line":3},"1":{"name":"(anonymous_1)","decl":{"start":{"line":5,"column":21},"end":{"line":5,"column":22}},"loc":{"start":{"line":5,"column":32},"end":{"line":7,"column":9}},"line":5}},"branchMap":{},"s":{"0":1,"1":1,"2":1,"3":4,"4":1,"5":1},"f":{"0":1,"1":4},"b":{},"_coverageSchema":"1a1c01bbd47fc00a2c39e90264f33305004495a9","hash":"5ff41b65e413ef6d488e3a4b0114245394cafab9"}
}
